<?xml version="1.0" encoding="UTF-8" ?>
<testsuite tests="12" failures="0" name="org.academiadecodigo.javabank.persistence.jpa.dao.JpaCustomerDaoIntegrationTest" time="9.491" errors="0" skipped="0">
  <properties>
[...]
</properties>
  <testcase classname="org.academiadecodigo.javabank.persistence.jpa.dao.JpaCustomerDaoIntegrationTest" name="testAddCustomerWithAccounts" time="0.719"/>
  <testcase classname="org.academiadecodigo.javabank.persistence.jpa.dao.JpaCustomerDaoIntegrationTest" name="testUpdateCustomerWithAccounts" time="0.591"/>
  <testcase classname="org.academiadecodigo.javabank.persistence.jpa.dao.JpaCustomerDaoIntegrationTest" name="testFindAll" time="0.705"/>
  <testcase classname="org.academiadecodigo.javabank.persistence.jpa.dao.JpaCustomerDaoIntegrationTest" name="testUpdatedCustomerOrphanAccountDelete" time="0.701"/>
  <testcase classname="org.academiadecodigo.javabank.persistence.jpa.dao.JpaCustomerDaoIntegrationTest" name="testFindAllFail" time="0.641"/>
  <testcase classname="org.academiadecodigo.javabank.persistence.jpa.dao.JpaCustomerDaoIntegrationTest" name="testDeleteInvalid" time="0.643"/>
  <testcase classname="org.academiadecodigo.javabank.persistence.jpa.dao.JpaCustomerDaoIntegrationTest" name="testDeleteCustomerNoAccounts" time="0.695"/>
  <testcase classname="org.academiadecodigo.javabank.persistence.jpa.dao.JpaCustomerDaoIntegrationTest" name="testFindById" time="0.665"/>
  <testcase classname="org.academiadecodigo.javabank.persistence.jpa.dao.JpaCustomerDaoIntegrationTest" name="testAddCustomerNoAccounts" time="1.008"/>
  <testcase classname="org.academiadecodigo.javabank.persistence.jpa.dao.JpaCustomerDaoIntegrationTest" name="testUpdateCustomer" time="1.733"/>
  <testcase classname="org.academiadecodigo.javabank.persistence.jpa.dao.JpaCustomerDaoIntegrationTest" name="testDeleteCustomer" time="0.769"/>
  <testcase classname="org.academiadecodigo.javabank.persistence.jpa.dao.JpaCustomerDaoIntegrationTest" name="testFindByIdInvalid" time="0.621"/>
</testsuite>